<?xml version="1.0" encoding="UTF-8"?>
<robot generator="Robot 4.1 (Python 3.9.7 on win32)" generated="20210902 20:22:52.974" rpa="false" schemaversion="2">
<suite id="s1" name="CreateCharacters" source="E:\projetos\python\marvel-api\CreateCharacters.robot">
<test id="s1-t1" name="Deve cadastrar um personagens">
<kw name="Account And Set Headers">
<arg>danilo.t.a.oliveira@gmail.com</arg>
<kw name="Create Dictionary" library="BuiltIn">
<var>&amp;{user}</var>
<arg>email=${email}</arg>
<doc>Creates and returns a dictionary based on the given ``items``.</doc>
<msg timestamp="20210902 20:22:53.205" level="INFO">&amp;{user} = { email=danilo.t.a.oliveira@gmail.com }</msg>
<status status="PASS" starttime="20210902 20:22:53.204" endtime="20210902 20:22:53.205"/>
</kw>
<kw name="POST" library="RequestsLibrary">
<var>${response}</var>
<arg>${URL}/accounts</arg>
<arg>json=${user}</arg>
<doc>Sends a POST request.</doc>
<msg timestamp="20210902 20:22:53.508" level="INFO">POST Request : url=http://marvel.qaninja.academy/accounts 
 path_url=/accounts 
 headers={'User-Agent': 'python-requests/2.26.0', 'Accept-Encoding': 'gzip, deflate', 'Accept': '*/*', 'Connection': 'keep-alive', 'Content-Length': '42', 'Content-Type': 'application/json'} 
 body=b'{"email": "danilo.t.a.oliveira@gmail.com"}' 
 </msg>
<msg timestamp="20210902 20:22:53.508" level="INFO">POST Response : url=http://marvel.qaninja.academy/accounts 
 status=200, reason=OK 
 headers={'Server': 'Cowboy', 'Connection': 'keep-alive', 'X-Powered-By': 'Express', 'Access-Control-Allow-Origin': '*', 'Content-Type': 'application/json; charset=utf-8', 'Content-Length': '41', 'Etag': 'W/"29-bDop1t0HeHAZl86H2iFa5z+7MPI"', 'Date': 'Thu, 02 Sep 2021 23:21:48 GMT', 'Via': '1.1 vegur'} 
 body={"client_key":"61312fbb2f65af00162b35db"} 
 </msg>
<msg timestamp="20210902 20:22:53.508" level="INFO">${response} = &lt;Response [200]&gt;</msg>
<status status="PASS" starttime="20210902 20:22:53.205" endtime="20210902 20:22:53.508"/>
</kw>
<kw name="Set Variable" library="BuiltIn">
<var>${client_key}</var>
<arg>${response.json()}[client_key]</arg>
<doc>Returns the given values which can then be assigned to a variables.</doc>
<msg timestamp="20210902 20:22:53.509" level="INFO">${client_key} = 61312fbb2f65af00162b35db</msg>
<status status="PASS" starttime="20210902 20:22:53.508" endtime="20210902 20:22:53.509"/>
</kw>
<kw name="Create Dictionary" library="BuiltIn">
<var>&amp;{HEADERS}</var>
<arg>client_key=${client_key}</arg>
<doc>Creates and returns a dictionary based on the given ``items``.</doc>
<msg timestamp="20210902 20:22:53.509" level="INFO">&amp;{HEADERS} = { client_key=61312fbb2f65af00162b35db }</msg>
<status status="PASS" starttime="20210902 20:22:53.509" endtime="20210902 20:22:53.509"/>
</kw>
<kw name="Set Suite Variable" library="BuiltIn">
<arg>${HEADERS}</arg>
<doc>Makes a variable available everywhere within the scope of the current suite.</doc>
<msg timestamp="20210902 20:22:53.510" level="INFO">${HEADERS} = {'client_key': '61312fbb2f65af00162b35db'}</msg>
<status status="PASS" starttime="20210902 20:22:53.509" endtime="20210902 20:22:53.510"/>
</kw>
<status status="PASS" starttime="20210902 20:22:53.204" endtime="20210902 20:22:53.510"/>
</kw>
<kw name="Factory Thanos" library="Thanos">
<var>&amp;{personagem}</var>
<msg timestamp="20210902 20:22:53.511" level="INFO">&amp;{personagem} = { name=Cody Swanson | aliases=Thanos | age=3000 | team=Ordem Negra | active=False }</msg>
<status status="PASS" starttime="20210902 20:22:53.510" endtime="20210902 20:22:53.511"/>
</kw>
<kw name="POST" library="RequestsLibrary">
<var>${response}</var>
<arg>${URL}/characters</arg>
<arg>json=${personagem}</arg>
<arg>headers=${headers}</arg>
<doc>Sends a POST request.</doc>
<msg timestamp="20210902 20:22:53.757" level="INFO">POST Request : url=http://marvel.qaninja.academy/characters 
 path_url=/characters 
 headers={'User-Agent': 'python-requests/2.26.0', 'Accept-Encoding': 'gzip, deflate', 'Accept': '*/*', 'Connection': 'keep-alive', 'client_key': '61312fbb2f65af00162b35db', 'Content-Length': '98', 'Content-Type': 'application/json'} 
 body=b'{"name": "Cody Swanson", "aliases": "Thanos", "age": 3000, "team": "Ordem Negra", "active": false}' 
 </msg>
<msg timestamp="20210902 20:22:53.757" level="INFO">POST Response : url=http://marvel.qaninja.academy/characters 
 status=200, reason=OK 
 headers={'Server': 'Cowboy', 'Connection': 'keep-alive', 'X-Powered-By': 'Express', 'Access-Control-Allow-Origin': '*', 'Content-Type': 'application/json; charset=utf-8', 'Content-Length': '157', 'Etag': 'W/"9d-qxCa+ASRtgEwGuMvQehEgxs1j9g"', 'Date': 'Thu, 02 Sep 2021 23:21:48 GMT', 'Via': '1.1 vegur'} 
 body={"_id":"61315c8c2f65af00162b3ae2","name":"Cody Swanson","age":3000,"aliases":"Thanos","team":"Ordem Negra","active":false,"owner":"61312fbb2f65af00162b35db"} 
 </msg>
<msg timestamp="20210902 20:22:53.757" level="INFO">${response} = &lt;Response [200]&gt;</msg>
<status status="PASS" starttime="20210902 20:22:53.511" endtime="20210902 20:22:53.757"/>
</kw>
<kw name="Status Should Be" library="RequestsLibrary">
<arg>200</arg>
<arg>${response}</arg>
<doc>Fails if response status code is different than the expected.</doc>
<status status="PASS" starttime="20210902 20:22:53.758" endtime="20210902 20:22:53.758"/>
</kw>
<status status="PASS" starttime="20210902 20:22:53.203" endtime="20210902 20:22:53.759"/>
</test>
<doc>Suite de Teste do cadastro de personagens na API Marvel</doc>
<status status="PASS" starttime="20210902 20:22:52.975" endtime="20210902 20:22:53.761"/>
</suite>
<statistics>
<total>
<stat pass="1" fail="0" skip="0">All Tests</stat>
</total>
<tag>
</tag>
<suite>
<stat pass="1" fail="0" skip="0" id="s1" name="CreateCharacters">CreateCharacters</stat>
</suite>
</statistics>
<errors>
</errors>
</robot>
