<?xml version="1.0" encoding="UTF-8"?>
<robot generator="Robot 4.1 (Python 3.9.7 on win32)" generated="20210906 12:15:04.084" rpa="false" schemaversion="2">
<suite id="s1" name="Specs" source="E:\projetos\python\marvel-api\specs">
<suite id="s1-s1" name="CreateCharacters" source="E:\projetos\python\marvel-api\specs\CreateCharacters.robot">
<kw name="Super Setup" library="Base" type="SETUP">
<arg>danilo.t.a.oliveira@gmail.com</arg>
<kw name="Set Client Key" library="Base">
<arg>${email}</arg>
<kw name="Create Dictionary" library="BuiltIn">
<var>&amp;{user}</var>
<arg>email=${email}</arg>
<doc>Creates and returns a dictionary based on the given ``items``.</doc>
<msg timestamp="20210906 12:15:04.213" level="INFO">&amp;{user} = { email=danilo.t.a.oliveira@gmail.com }</msg>
<status status="PASS" starttime="20210906 12:15:04.212" endtime="20210906 12:15:04.213"/>
</kw>
<kw name="POST" library="RequestsLibrary">
<var>${response}</var>
<arg>${BASE_URL}/accounts</arg>
<arg>json=${user}</arg>
<doc>Sends a POST request.</doc>
<msg timestamp="20210906 12:15:04.633" level="INFO">POST Request : url=http://marvel.qaninja.academy/accounts 
 path_url=/accounts 
 headers={'User-Agent': 'python-requests/2.26.0', 'Accept-Encoding': 'gzip, deflate', 'Accept': '*/*', 'Connection': 'keep-alive', 'Content-Length': '42', 'Content-Type': 'application/json'} 
 body=b'{"email": "danilo.t.a.oliveira@gmail.com"}' 
 </msg>
<msg timestamp="20210906 12:15:04.633" level="INFO">POST Response : url=http://marvel.qaninja.academy/accounts 
 status=200, reason=OK 
 headers={'Server': 'Cowboy', 'Connection': 'keep-alive', 'X-Powered-By': 'Express', 'Access-Control-Allow-Origin': '*', 'Content-Type': 'application/json; charset=utf-8', 'Content-Length': '41', 'Etag': 'W/"29-bDop1t0HeHAZl86H2iFa5z+7MPI"', 'Date': 'Mon, 06 Sep 2021 15:13:58 GMT', 'Via': '1.1 vegur'} 
 body={"client_key":"61312fbb2f65af00162b35db"} 
 </msg>
<msg timestamp="20210906 12:15:04.633" level="INFO">${response} = &lt;Response [200]&gt;</msg>
<status status="PASS" starttime="20210906 12:15:04.213" endtime="20210906 12:15:04.633"/>
</kw>
<kw name="Set Variable" library="BuiltIn">
<var>${client_key}</var>
<arg>${response.json()}[client_key]</arg>
<doc>Returns the given values which can then be assigned to a variables.</doc>
<msg timestamp="20210906 12:15:04.634" level="INFO">${client_key} = 61312fbb2f65af00162b35db</msg>
<status status="PASS" starttime="20210906 12:15:04.633" endtime="20210906 12:15:04.634"/>
</kw>
<kw name="Create Dictionary" library="BuiltIn">
<var>&amp;{HEADERS}</var>
<arg>client_key=${client_key}</arg>
<doc>Creates and returns a dictionary based on the given ``items``.</doc>
<msg timestamp="20210906 12:15:04.634" level="INFO">&amp;{HEADERS} = { client_key=61312fbb2f65af00162b35db }</msg>
<status status="PASS" starttime="20210906 12:15:04.634" endtime="20210906 12:15:04.634"/>
</kw>
<kw name="Set Suite Variable" library="BuiltIn">
<arg>${HEADERS}</arg>
<doc>Makes a variable available everywhere within the scope of the current suite.</doc>
<msg timestamp="20210906 12:15:04.635" level="INFO">${HEADERS} = {'client_key': '61312fbb2f65af00162b35db'}</msg>
<status status="PASS" starttime="20210906 12:15:04.634" endtime="20210906 12:15:04.635"/>
</kw>
<status status="PASS" starttime="20210906 12:15:04.212" endtime="20210906 12:15:04.635"/>
</kw>
<kw name="Back To The Past" library="Base">
<kw name="DELETE" library="RequestsLibrary">
<arg>${BASE_URL}/delorean</arg>
<arg>headers=${HEADERS}</arg>
<doc>Sends a DELETE request.</doc>
<msg timestamp="20210906 12:15:04.867" level="INFO">DELETE Request : url=http://marvel.qaninja.academy/delorean 
 path_url=/delorean 
 headers={'User-Agent': 'python-requests/2.26.0', 'Accept-Encoding': 'gzip, deflate', 'Accept': '*/*', 'Connection': 'keep-alive', 'client_key': '61312fbb2f65af00162b35db', 'Content-Length': '0'} 
 body=None 
 </msg>
<msg timestamp="20210906 12:15:04.867" level="INFO">DELETE Response : url=http://marvel.qaninja.academy/delorean 
 status=200, reason=OK 
 headers={'Server': 'Cowboy', 'Connection': 'keep-alive', 'X-Powered-By': 'Express', 'Access-Control-Allow-Origin': '*', 'Content-Type': 'application/json; charset=utf-8', 'Content-Length': '31', 'Etag': 'W/"1f-ImqlboUfbv1n1FbEV48J/4RvhGg"', 'Date': 'Mon, 06 Sep 2021 15:13:59 GMT', 'Via': '1.1 vegur'} 
 body={"message":"Avengers Assemble"} 
 </msg>
<status status="PASS" starttime="20210906 12:15:04.635" endtime="20210906 12:15:04.867"/>
</kw>
<status status="PASS" starttime="20210906 12:15:04.635" endtime="20210906 12:15:04.867"/>
</kw>
<status status="PASS" starttime="20210906 12:15:04.212" endtime="20210906 12:15:04.867"/>
</kw>
<test id="s1-s1-t1" name="Test: Insert new person">
<kw name="Factory Star Lord" library="Guardians">
<var>${personagem}</var>
<msg timestamp="20210906 12:15:04.868" level="INFO">${personagem} = {'name': 'Peter Quill', 'aliases': 'Star Lord', 'age': 30, 'team': 'Guardians', 'active': True}</msg>
<status status="PASS" starttime="20210906 12:15:04.868" endtime="20210906 12:15:04.868"/>
</kw>
<kw name="POST New Character" library="Characters">
<var>${response}</var>
<arg>${personagem}</arg>
<kw name="POST" library="RequestsLibrary">
<var>${response}</var>
<arg>${BASE_URL}/characters</arg>
<arg>json=${payload}</arg>
<arg>headers=${HEADERS}</arg>
<arg>expected_status=any</arg>
<doc>Sends a POST request.</doc>
<msg timestamp="20210906 12:15:05.138" level="INFO">POST Request : url=http://marvel.qaninja.academy/characters 
 path_url=/characters 
 headers={'User-Agent': 'python-requests/2.26.0', 'Accept-Encoding': 'gzip, deflate', 'Accept': '*/*', 'Connection': 'keep-alive', 'client_key': '61312fbb2f65af00162b35db', 'Content-Length': '95', 'Content-Type': 'application/json'} 
 body=b'{"name": "Peter Quill", "aliases": "Star Lord", "age": 30, "team": "Guardians", "active": true}' 
 </msg>
<msg timestamp="20210906 12:15:05.138" level="INFO">POST Response : url=http://marvel.qaninja.academy/characters 
 status=200, reason=OK 
 headers={'Server': 'Cowboy', 'Connection': 'keep-alive', 'X-Powered-By': 'Express', 'Access-Control-Allow-Origin': '*', 'Content-Type': 'application/json; charset=utf-8', 'Content-Length': '154', 'Etag': 'W/"9a-i7BAYcRwpYSu2Ajv4eA4hF2loWU"', 'Date': 'Mon, 06 Sep 2021 15:13:59 GMT', 'Via': '1.1 vegur'} 
 body={"_id":"61363037ee284200167b2ab6","name":"Peter Quill","age":30,"aliases":"Star Lord","team":"Guardians","active":true,"owner":"61312fbb2f65af00162b35db"} 
 </msg>
<msg timestamp="20210906 12:15:05.139" level="INFO">${response} = &lt;Response [200]&gt;</msg>
<status status="PASS" starttime="20210906 12:15:04.868" endtime="20210906 12:15:05.139"/>
</kw>
<msg timestamp="20210906 12:15:05.139" level="INFO">${response} = &lt;Response [200]&gt;</msg>
<status status="PASS" starttime="20210906 12:15:04.868" endtime="20210906 12:15:05.139"/>
</kw>
<kw name="Status Should Be" library="RequestsLibrary">
<arg>200</arg>
<arg>${response}</arg>
<doc>Fails if response status code is different than the expected.</doc>
<status status="PASS" starttime="20210906 12:15:05.139" endtime="20210906 12:15:05.139"/>
</kw>
<tag>add</tag>
<status status="PASS" starttime="20210906 12:15:04.867" endtime="20210906 12:15:05.140"/>
</test>
<test id="s1-s1-t2" name="Test: Character already exists :(">
<kw name="Factory Groot" library="Guardians">
<var>${personagem}</var>
<msg timestamp="20210906 12:15:05.141" level="INFO">${personagem} = {'name': 'Groot', 'aliases': 'Groot', 'age': 300, 'team': 'Guardians', 'active': True}</msg>
<status status="PASS" starttime="20210906 12:15:05.141" endtime="20210906 12:15:05.141"/>
</kw>
<kw name="POST New Character" library="Characters">
<arg>${personagem}</arg>
<kw name="POST" library="RequestsLibrary">
<var>${response}</var>
<arg>${BASE_URL}/characters</arg>
<arg>json=${payload}</arg>
<arg>headers=${HEADERS}</arg>
<arg>expected_status=any</arg>
<doc>Sends a POST request.</doc>
<msg timestamp="20210906 12:15:05.377" level="INFO">POST Request : url=http://marvel.qaninja.academy/characters 
 path_url=/characters 
 headers={'User-Agent': 'python-requests/2.26.0', 'Accept-Encoding': 'gzip, deflate', 'Accept': '*/*', 'Connection': 'keep-alive', 'client_key': '61312fbb2f65af00162b35db', 'Content-Length': '86', 'Content-Type': 'application/json'} 
 body=b'{"name": "Groot", "aliases": "Groot", "age": 300, "team": "Guardians", "active": true}' 
 </msg>
<msg timestamp="20210906 12:15:05.377" level="INFO">POST Response : url=http://marvel.qaninja.academy/characters 
 status=200, reason=OK 
 headers={'Server': 'Cowboy', 'Connection': 'keep-alive', 'X-Powered-By': 'Express', 'Access-Control-Allow-Origin': '*', 'Content-Type': 'application/json; charset=utf-8', 'Content-Length': '145', 'Etag': 'W/"91-TrG2DTS4v6X1n47F838cZRsp6oM"', 'Date': 'Mon, 06 Sep 2021 15:13:59 GMT', 'Via': '1.1 vegur'} 
 body={"_id":"61363037ee284200167b2aba","name":"Groot","age":300,"aliases":"Groot","team":"Guardians","active":true,"owner":"61312fbb2f65af00162b35db"} 
 </msg>
<msg timestamp="20210906 12:15:05.377" level="INFO">${response} = &lt;Response [200]&gt;</msg>
<status status="PASS" starttime="20210906 12:15:05.141" endtime="20210906 12:15:05.377"/>
</kw>
<status status="PASS" starttime="20210906 12:15:05.141" endtime="20210906 12:15:05.378"/>
</kw>
<kw name="POST New Character" library="Characters">
<var>${response}</var>
<arg>${personagem}</arg>
<kw name="POST" library="RequestsLibrary">
<var>${response}</var>
<arg>${BASE_URL}/characters</arg>
<arg>json=${payload}</arg>
<arg>headers=${HEADERS}</arg>
<arg>expected_status=any</arg>
<doc>Sends a POST request.</doc>
<msg timestamp="20210906 12:15:05.609" level="INFO">POST Request : url=http://marvel.qaninja.academy/characters 
 path_url=/characters 
 headers={'User-Agent': 'python-requests/2.26.0', 'Accept-Encoding': 'gzip, deflate', 'Accept': '*/*', 'Connection': 'keep-alive', 'client_key': '61312fbb2f65af00162b35db', 'Content-Length': '86', 'Content-Type': 'application/json'} 
 body=b'{"name": "Groot", "aliases": "Groot", "age": 300, "team": "Guardians", "active": true}' 
 </msg>
<msg timestamp="20210906 12:15:05.609" level="INFO">POST Response : url=http://marvel.qaninja.academy/characters 
 status=409, reason=Conflict 
 headers={'Server': 'Cowboy', 'Connection': 'keep-alive', 'X-Powered-By': 'Express', 'Access-Control-Allow-Origin': '*', 'Content-Type': 'application/json; charset=utf-8', 'Content-Length': '39', 'Etag': 'W/"27-u8CjYCAAYHK/l+EQR0JyKi0LQGU"', 'Date': 'Mon, 06 Sep 2021 15:13:59 GMT', 'Via': '1.1 vegur'} 
 body={"error":"Character already exists :("} 
 </msg>
<msg timestamp="20210906 12:15:05.609" level="INFO">${response} = &lt;Response [409]&gt;</msg>
<status status="PASS" starttime="20210906 12:15:05.379" endtime="20210906 12:15:05.609"/>
</kw>
<msg timestamp="20210906 12:15:05.609" level="INFO">${response} = &lt;Response [409]&gt;</msg>
<status status="PASS" starttime="20210906 12:15:05.378" endtime="20210906 12:15:05.609"/>
</kw>
<kw name="Status Should Be" library="RequestsLibrary">
<arg>409</arg>
<arg>${response}</arg>
<doc>Fails if response status code is different than the expected.</doc>
<status status="PASS" starttime="20210906 12:15:05.609" endtime="20210906 12:15:05.611"/>
</kw>
<kw name="Should Be Equal" library="BuiltIn">
<arg>${response.json()}[error]</arg>
<arg>Character already exists :(</arg>
<doc>Fails if the given objects are unequal.</doc>
<status status="PASS" starttime="20210906 12:15:05.611" endtime="20210906 12:15:05.611"/>
</kw>
<tag>dup</tag>
<status status="PASS" starttime="20210906 12:15:05.140" endtime="20210906 12:15:05.612"/>
</test>
<doc>Suite de Teste do cadastro de personagens na API Marvel</doc>
<status status="PASS" starttime="20210906 12:15:04.109" endtime="20210906 12:15:05.612"/>
</suite>
<suite id="s1-s2" name="DeleteCharacters" source="E:\projetos\python\marvel-api\specs\DeleteCharacters.robot">
<kw name="Super Setup" library="Base" type="SETUP">
<arg>danilo.t.a.oliveira@msn.com</arg>
<kw name="Set Client Key" library="Base">
<arg>${email}</arg>
<kw name="Create Dictionary" library="BuiltIn">
<var>&amp;{user}</var>
<arg>email=${email}</arg>
<doc>Creates and returns a dictionary based on the given ``items``.</doc>
<msg timestamp="20210906 12:15:05.621" level="INFO">&amp;{user} = { email=danilo.t.a.oliveira@msn.com }</msg>
<status status="PASS" starttime="20210906 12:15:05.621" endtime="20210906 12:15:05.621"/>
</kw>
<kw name="POST" library="RequestsLibrary">
<var>${response}</var>
<arg>${BASE_URL}/accounts</arg>
<arg>json=${user}</arg>
<doc>Sends a POST request.</doc>
<msg timestamp="20210906 12:15:05.855" level="INFO">POST Request : url=http://marvel.qaninja.academy/accounts 
 path_url=/accounts 
 headers={'User-Agent': 'python-requests/2.26.0', 'Accept-Encoding': 'gzip, deflate', 'Accept': '*/*', 'Connection': 'keep-alive', 'Content-Length': '40', 'Content-Type': 'application/json'} 
 body=b'{"email": "danilo.t.a.oliveira@msn.com"}' 
 </msg>
<msg timestamp="20210906 12:15:05.855" level="INFO">POST Response : url=http://marvel.qaninja.academy/accounts 
 status=200, reason=OK 
 headers={'Server': 'Cowboy', 'Connection': 'keep-alive', 'X-Powered-By': 'Express', 'Access-Control-Allow-Origin': '*', 'Content-Type': 'application/json; charset=utf-8', 'Content-Length': '41', 'Etag': 'W/"29-ne3zzLw9KYbsX1UPpMBfb+fD3Jg"', 'Date': 'Mon, 06 Sep 2021 15:14:00 GMT', 'Via': '1.1 vegur'} 
 body={"client_key":"61362212ee284200167b28b5"} 
 </msg>
<msg timestamp="20210906 12:15:05.855" level="INFO">${response} = &lt;Response [200]&gt;</msg>
<status status="PASS" starttime="20210906 12:15:05.621" endtime="20210906 12:15:05.855"/>
</kw>
<kw name="Set Variable" library="BuiltIn">
<var>${client_key}</var>
<arg>${response.json()}[client_key]</arg>
<doc>Returns the given values which can then be assigned to a variables.</doc>
<msg timestamp="20210906 12:15:05.856" level="INFO">${client_key} = 61362212ee284200167b28b5</msg>
<status status="PASS" starttime="20210906 12:15:05.855" endtime="20210906 12:15:05.856"/>
</kw>
<kw name="Create Dictionary" library="BuiltIn">
<var>&amp;{HEADERS}</var>
<arg>client_key=${client_key}</arg>
<doc>Creates and returns a dictionary based on the given ``items``.</doc>
<msg timestamp="20210906 12:15:05.856" level="INFO">&amp;{HEADERS} = { client_key=61362212ee284200167b28b5 }</msg>
<status status="PASS" starttime="20210906 12:15:05.856" endtime="20210906 12:15:05.856"/>
</kw>
<kw name="Set Suite Variable" library="BuiltIn">
<arg>${HEADERS}</arg>
<doc>Makes a variable available everywhere within the scope of the current suite.</doc>
<msg timestamp="20210906 12:15:05.857" level="INFO">${HEADERS} = {'client_key': '61362212ee284200167b28b5'}</msg>
<status status="PASS" starttime="20210906 12:15:05.856" endtime="20210906 12:15:05.857"/>
</kw>
<status status="PASS" starttime="20210906 12:15:05.620" endtime="20210906 12:15:05.857"/>
</kw>
<kw name="Back To The Past" library="Base">
<kw name="DELETE" library="RequestsLibrary">
<arg>${BASE_URL}/delorean</arg>
<arg>headers=${HEADERS}</arg>
<doc>Sends a DELETE request.</doc>
<msg timestamp="20210906 12:15:06.085" level="INFO">DELETE Request : url=http://marvel.qaninja.academy/delorean 
 path_url=/delorean 
 headers={'User-Agent': 'python-requests/2.26.0', 'Accept-Encoding': 'gzip, deflate', 'Accept': '*/*', 'Connection': 'keep-alive', 'client_key': '61362212ee284200167b28b5', 'Content-Length': '0'} 
 body=None 
 </msg>
<msg timestamp="20210906 12:15:06.085" level="INFO">DELETE Response : url=http://marvel.qaninja.academy/delorean 
 status=200, reason=OK 
 headers={'Server': 'Cowboy', 'Connection': 'keep-alive', 'X-Powered-By': 'Express', 'Access-Control-Allow-Origin': '*', 'Content-Type': 'application/json; charset=utf-8', 'Content-Length': '31', 'Etag': 'W/"1f-ImqlboUfbv1n1FbEV48J/4RvhGg"', 'Date': 'Mon, 06 Sep 2021 15:14:00 GMT', 'Via': '1.1 vegur'} 
 body={"message":"Avengers Assemble"} 
 </msg>
<status status="PASS" starttime="20210906 12:15:05.857" endtime="20210906 12:15:06.085"/>
</kw>
<status status="PASS" starttime="20210906 12:15:05.857" endtime="20210906 12:15:06.085"/>
</kw>
<status status="PASS" starttime="20210906 12:15:05.620" endtime="20210906 12:15:06.085"/>
</kw>
<test id="s1-s2-t1" name="DELETE a character by ID">
<kw name="Factory Mercurio" library="Xmen">
<var>${personagem}</var>
<msg timestamp="20210906 12:15:06.086" level="INFO">${personagem} = {'name': 'Pietro Maximoff', 'aliases': 'Mercúrio', 'age': 35, 'team': 'X-men', 'active': True}</msg>
<status status="PASS" starttime="20210906 12:15:06.086" endtime="20210906 12:15:06.086"/>
</kw>
<kw name="POST New Character" library="Characters">
<var>${mercurio}</var>
<arg>${personagem}</arg>
<kw name="POST" library="RequestsLibrary">
<var>${response}</var>
<arg>${BASE_URL}/characters</arg>
<arg>json=${payload}</arg>
<arg>headers=${HEADERS}</arg>
<arg>expected_status=any</arg>
<doc>Sends a POST request.</doc>
<msg timestamp="20210906 12:15:06.317" level="INFO">POST Request : url=http://marvel.qaninja.academy/characters 
 path_url=/characters 
 headers={'User-Agent': 'python-requests/2.26.0', 'Accept-Encoding': 'gzip, deflate', 'Accept': '*/*', 'Connection': 'keep-alive', 'client_key': '61362212ee284200167b28b5', 'Content-Length': '99', 'Content-Type': 'application/json'} 
 body=b'{"name": "Pietro Maximoff", "aliases": "Merc\\u00fario", "age": 35, "team": "X-men", "active": true}' 
 </msg>
<msg timestamp="20210906 12:15:06.317" level="INFO">POST Response : url=http://marvel.qaninja.academy/characters 
 status=200, reason=OK 
 headers={'Server': 'Cowboy', 'Connection': 'keep-alive', 'X-Powered-By': 'Express', 'Access-Control-Allow-Origin': '*', 'Content-Type': 'application/json; charset=utf-8', 'Content-Length': '154', 'Etag': 'W/"9a-42ObZ4xsnf5GlYlygVGZXAVS0m4"', 'Date': 'Mon, 06 Sep 2021 15:14:00 GMT', 'Via': '1.1 vegur'} 
 body={"_id":"61363038ee284200167b2ac3","name":"Pietro Maximoff","age":35,"aliases":"Mercúrio","team":"X-men","active":true,"owner":"61362212ee284200167b28b5"} 
 </msg>
<msg timestamp="20210906 12:15:06.317" level="INFO">${response} = &lt;Response [200]&gt;</msg>
<status status="PASS" starttime="20210906 12:15:06.087" endtime="20210906 12:15:06.317"/>
</kw>
<msg timestamp="20210906 12:15:06.317" level="INFO">${mercurio} = &lt;Response [200]&gt;</msg>
<status status="PASS" starttime="20210906 12:15:06.086" endtime="20210906 12:15:06.317"/>
</kw>
<kw name="Set Variable" library="BuiltIn">
<var>${mercurio_id}</var>
<arg>${mercurio.json()}[_id]</arg>
<doc>Returns the given values which can then be assigned to a variables.</doc>
<msg timestamp="20210906 12:15:06.318" level="INFO">${mercurio_id} = 61363038ee284200167b2ac3</msg>
<status status="PASS" starttime="20210906 12:15:06.318" endtime="20210906 12:15:06.318"/>
</kw>
<kw name="DELETE Character By ID" library="Characters">
<var>${response}</var>
<arg>${mercurio_id}</arg>
<kw name="DELETE" library="RequestsLibrary">
<var>${response}</var>
<arg>${BASE_URL}/characters/${character_id}</arg>
<arg>headers=${HEADERS}</arg>
<arg>expected_status=any</arg>
<doc>Sends a DELETE request.</doc>
<msg timestamp="20210906 12:15:06.554" level="INFO">DELETE Request : url=http://marvel.qaninja.academy/characters/61363038ee284200167b2ac3 
 path_url=/characters/61363038ee284200167b2ac3 
 headers={'User-Agent': 'python-requests/2.26.0', 'Accept-Encoding': 'gzip, deflate', 'Accept': '*/*', 'Connection': 'keep-alive', 'client_key': '61362212ee284200167b28b5', 'Content-Length': '0'} 
 body=None 
 </msg>
<msg timestamp="20210906 12:15:06.554" level="INFO">DELETE Response : url=http://marvel.qaninja.academy/characters/61363038ee284200167b2ac3 
 status=204, reason=No Content 
 headers={'Server': 'Cowboy', 'Content-Length': '0', 'Connection': 'keep-alive', 'X-Powered-By': 'Express', 'Access-Control-Allow-Origin': '*', 'Date': 'Mon, 06 Sep 2021 15:14:00 GMT', 'Via': '1.1 vegur'} 
 body=None 
 </msg>
<msg timestamp="20210906 12:15:06.554" level="INFO">${response} = &lt;Response [204]&gt;</msg>
<status status="PASS" starttime="20210906 12:15:06.319" endtime="20210906 12:15:06.554"/>
</kw>
<msg timestamp="20210906 12:15:06.554" level="INFO">${response} = &lt;Response [204]&gt;</msg>
<status status="PASS" starttime="20210906 12:15:06.318" endtime="20210906 12:15:06.554"/>
</kw>
<kw name="Status Should Be" library="RequestsLibrary">
<arg>204</arg>
<arg>${response}</arg>
<doc>Fails if response status code is different than the expected.</doc>
<status status="PASS" starttime="20210906 12:15:06.555" endtime="20210906 12:15:06.555"/>
</kw>
<kw name="GET Character By ID" library="Characters">
<var>${response2}</var>
<arg>${mercurio_id}</arg>
<kw name="GET" library="RequestsLibrary">
<var>${response}</var>
<arg>${BASE_URL}/characters/${character_id}</arg>
<arg>headers=${HEADERS}</arg>
<arg>expected_status=any</arg>
<doc>Sends a GET request.</doc>
<msg timestamp="20210906 12:15:06.789" level="INFO">GET Request : url=http://marvel.qaninja.academy/characters/61363038ee284200167b2ac3 
 path_url=/characters/61363038ee284200167b2ac3 
 headers={'User-Agent': 'python-requests/2.26.0', 'Accept-Encoding': 'gzip, deflate', 'Accept': '*/*', 'Connection': 'keep-alive', 'client_key': '61362212ee284200167b28b5'} 
 body=None 
 </msg>
<msg timestamp="20210906 12:15:06.789" level="INFO">GET Response : url=http://marvel.qaninja.academy/characters/61363038ee284200167b2ac3 
 status=404, reason=Not Found 
 headers={'Server': 'Cowboy', 'Connection': 'keep-alive', 'X-Powered-By': 'Express', 'Access-Control-Allow-Origin': '*', 'Date': 'Mon, 06 Sep 2021 15:14:01 GMT', 'Content-Length': '0', 'Via': '1.1 vegur'} 
 body=None 
 </msg>
<msg timestamp="20210906 12:15:06.789" level="INFO">${response} = &lt;Response [404]&gt;</msg>
<status status="PASS" starttime="20210906 12:15:06.555" endtime="20210906 12:15:06.789"/>
</kw>
<msg timestamp="20210906 12:15:06.789" level="INFO">${response2} = &lt;Response [404]&gt;</msg>
<status status="PASS" starttime="20210906 12:15:06.555" endtime="20210906 12:15:06.789"/>
</kw>
<kw name="Status Should Be" library="RequestsLibrary">
<arg>404</arg>
<arg>${response2}</arg>
<doc>Fails if response status code is different than the expected.</doc>
<status status="PASS" starttime="20210906 12:15:06.790" endtime="20210906 12:15:06.790"/>
</kw>
<status status="PASS" starttime="20210906 12:15:06.085" endtime="20210906 12:15:06.790"/>
</test>
<test id="s1-s2-t2" name="Don't DELETE a character by ID">
<kw name="Get Unique Id" library="Helpers">
<var>${personagem_id}</var>
<msg timestamp="20210906 12:15:06.792" level="INFO">${personagem_id} = 6136307a02d2aa3508eea13d</msg>
<status status="PASS" starttime="20210906 12:15:06.791" endtime="20210906 12:15:06.792"/>
</kw>
<kw name="DELETE Character By ID" library="Characters">
<var>${response}</var>
<arg>${personagem_id}</arg>
<kw name="DELETE" library="RequestsLibrary">
<var>${response}</var>
<arg>${BASE_URL}/characters/${character_id}</arg>
<arg>headers=${HEADERS}</arg>
<arg>expected_status=any</arg>
<doc>Sends a DELETE request.</doc>
<msg timestamp="20210906 12:15:07.023" level="INFO">DELETE Request : url=http://marvel.qaninja.academy/characters/6136307a02d2aa3508eea13d 
 path_url=/characters/6136307a02d2aa3508eea13d 
 headers={'User-Agent': 'python-requests/2.26.0', 'Accept-Encoding': 'gzip, deflate', 'Accept': '*/*', 'Connection': 'keep-alive', 'client_key': '61362212ee284200167b28b5', 'Content-Length': '0'} 
 body=None 
 </msg>
<msg timestamp="20210906 12:15:07.023" level="INFO">DELETE Response : url=http://marvel.qaninja.academy/characters/6136307a02d2aa3508eea13d 
 status=404, reason=Not Found 
 headers={'Server': 'Cowboy', 'Connection': 'keep-alive', 'X-Powered-By': 'Express', 'Access-Control-Allow-Origin': '*', 'Date': 'Mon, 06 Sep 2021 15:14:01 GMT', 'Content-Length': '0', 'Via': '1.1 vegur'} 
 body=None 
 </msg>
<msg timestamp="20210906 12:15:07.024" level="INFO">${response} = &lt;Response [404]&gt;</msg>
<status status="PASS" starttime="20210906 12:15:06.792" endtime="20210906 12:15:07.024"/>
</kw>
<msg timestamp="20210906 12:15:07.024" level="INFO">${response} = &lt;Response [404]&gt;</msg>
<status status="PASS" starttime="20210906 12:15:06.792" endtime="20210906 12:15:07.024"/>
</kw>
<kw name="Status Should Be" library="RequestsLibrary">
<arg>404</arg>
<arg>${response}</arg>
<doc>Fails if response status code is different than the expected.</doc>
<status status="PASS" starttime="20210906 12:15:07.024" endtime="20210906 12:15:07.024"/>
</kw>
<status status="PASS" starttime="20210906 12:15:06.791" endtime="20210906 12:15:07.024"/>
</test>
<doc>Suite de Teste de busca de personagens na API Marvel</doc>
<status status="PASS" starttime="20210906 12:15:05.613" endtime="20210906 12:15:07.025"/>
</suite>
<suite id="s1-s3" name="SearchCharacters" source="E:\projetos\python\marvel-api\specs\SearchCharacters.robot">
<kw name="Super Setup" library="Base" type="SETUP">
<arg>danilo.t.a.oliveira@msn.com</arg>
<kw name="Set Client Key" library="Base">
<arg>${email}</arg>
<kw name="Create Dictionary" library="BuiltIn">
<var>&amp;{user}</var>
<arg>email=${email}</arg>
<doc>Creates and returns a dictionary based on the given ``items``.</doc>
<msg timestamp="20210906 12:15:07.032" level="INFO">&amp;{user} = { email=danilo.t.a.oliveira@msn.com }</msg>
<status status="PASS" starttime="20210906 12:15:07.032" endtime="20210906 12:15:07.032"/>
</kw>
<kw name="POST" library="RequestsLibrary">
<var>${response}</var>
<arg>${BASE_URL}/accounts</arg>
<arg>json=${user}</arg>
<doc>Sends a POST request.</doc>
<msg timestamp="20210906 12:15:07.257" level="INFO">POST Request : url=http://marvel.qaninja.academy/accounts 
 path_url=/accounts 
 headers={'User-Agent': 'python-requests/2.26.0', 'Accept-Encoding': 'gzip, deflate', 'Accept': '*/*', 'Connection': 'keep-alive', 'Content-Length': '40', 'Content-Type': 'application/json'} 
 body=b'{"email": "danilo.t.a.oliveira@msn.com"}' 
 </msg>
<msg timestamp="20210906 12:15:07.257" level="INFO">POST Response : url=http://marvel.qaninja.academy/accounts 
 status=200, reason=OK 
 headers={'Server': 'Cowboy', 'Connection': 'keep-alive', 'X-Powered-By': 'Express', 'Access-Control-Allow-Origin': '*', 'Content-Type': 'application/json; charset=utf-8', 'Content-Length': '41', 'Etag': 'W/"29-ne3zzLw9KYbsX1UPpMBfb+fD3Jg"', 'Date': 'Mon, 06 Sep 2021 15:14:01 GMT', 'Via': '1.1 vegur'} 
 body={"client_key":"61362212ee284200167b28b5"} 
 </msg>
<msg timestamp="20210906 12:15:07.257" level="INFO">${response} = &lt;Response [200]&gt;</msg>
<status status="PASS" starttime="20210906 12:15:07.032" endtime="20210906 12:15:07.257"/>
</kw>
<kw name="Set Variable" library="BuiltIn">
<var>${client_key}</var>
<arg>${response.json()}[client_key]</arg>
<doc>Returns the given values which can then be assigned to a variables.</doc>
<msg timestamp="20210906 12:15:07.258" level="INFO">${client_key} = 61362212ee284200167b28b5</msg>
<status status="PASS" starttime="20210906 12:15:07.257" endtime="20210906 12:15:07.258"/>
</kw>
<kw name="Create Dictionary" library="BuiltIn">
<var>&amp;{HEADERS}</var>
<arg>client_key=${client_key}</arg>
<doc>Creates and returns a dictionary based on the given ``items``.</doc>
<msg timestamp="20210906 12:15:07.258" level="INFO">&amp;{HEADERS} = { client_key=61362212ee284200167b28b5 }</msg>
<status status="PASS" starttime="20210906 12:15:07.258" endtime="20210906 12:15:07.258"/>
</kw>
<kw name="Set Suite Variable" library="BuiltIn">
<arg>${HEADERS}</arg>
<doc>Makes a variable available everywhere within the scope of the current suite.</doc>
<msg timestamp="20210906 12:15:07.258" level="INFO">${HEADERS} = {'client_key': '61362212ee284200167b28b5'}</msg>
<status status="PASS" starttime="20210906 12:15:07.258" endtime="20210906 12:15:07.258"/>
</kw>
<status status="PASS" starttime="20210906 12:15:07.032" endtime="20210906 12:15:07.258"/>
</kw>
<kw name="Back To The Past" library="Base">
<kw name="DELETE" library="RequestsLibrary">
<arg>${BASE_URL}/delorean</arg>
<arg>headers=${HEADERS}</arg>
<doc>Sends a DELETE request.</doc>
<msg timestamp="20210906 12:15:07.488" level="INFO">DELETE Request : url=http://marvel.qaninja.academy/delorean 
 path_url=/delorean 
 headers={'User-Agent': 'python-requests/2.26.0', 'Accept-Encoding': 'gzip, deflate', 'Accept': '*/*', 'Connection': 'keep-alive', 'client_key': '61362212ee284200167b28b5', 'Content-Length': '0'} 
 body=None 
 </msg>
<msg timestamp="20210906 12:15:07.488" level="INFO">DELETE Response : url=http://marvel.qaninja.academy/delorean 
 status=200, reason=OK 
 headers={'Server': 'Cowboy', 'Connection': 'keep-alive', 'X-Powered-By': 'Express', 'Access-Control-Allow-Origin': '*', 'Content-Type': 'application/json; charset=utf-8', 'Content-Length': '31', 'Etag': 'W/"1f-ImqlboUfbv1n1FbEV48J/4RvhGg"', 'Date': 'Mon, 06 Sep 2021 15:14:01 GMT', 'Via': '1.1 vegur'} 
 body={"message":"Avengers Assemble"} 
 </msg>
<status status="PASS" starttime="20210906 12:15:07.259" endtime="20210906 12:15:07.488"/>
</kw>
<status status="PASS" starttime="20210906 12:15:07.258" endtime="20210906 12:15:07.489"/>
</kw>
<status status="PASS" starttime="20210906 12:15:07.031" endtime="20210906 12:15:07.489"/>
</kw>
<test id="s1-s3-t1" name="GET a character by ID">
<kw name="Factory Logan" library="Xmen">
<var>${personagem}</var>
<msg timestamp="20210906 12:15:07.489" level="INFO">${personagem} = {'name': 'Logan', 'aliases': 'Wolverine', 'age': 130, 'team': 'X-men', 'active': True}</msg>
<status status="PASS" starttime="20210906 12:15:07.489" endtime="20210906 12:15:07.489"/>
</kw>
<kw name="POST New Character" library="Characters">
<var>${logan}</var>
<arg>${personagem}</arg>
<kw name="POST" library="RequestsLibrary">
<var>${response}</var>
<arg>${BASE_URL}/characters</arg>
<arg>json=${payload}</arg>
<arg>headers=${HEADERS}</arg>
<arg>expected_status=any</arg>
<doc>Sends a POST request.</doc>
<msg timestamp="20210906 12:15:07.723" level="INFO">POST Request : url=http://marvel.qaninja.academy/characters 
 path_url=/characters 
 headers={'User-Agent': 'python-requests/2.26.0', 'Accept-Encoding': 'gzip, deflate', 'Accept': '*/*', 'Connection': 'keep-alive', 'client_key': '61362212ee284200167b28b5', 'Content-Length': '86', 'Content-Type': 'application/json'} 
 body=b'{"name": "Logan", "aliases": "Wolverine", "age": 130, "team": "X-men", "active": true}' 
 </msg>
<msg timestamp="20210906 12:15:07.723" level="INFO">POST Response : url=http://marvel.qaninja.academy/characters 
 status=200, reason=OK 
 headers={'Server': 'Cowboy', 'Connection': 'keep-alive', 'X-Powered-By': 'Express', 'Access-Control-Allow-Origin': '*', 'Content-Type': 'application/json; charset=utf-8', 'Content-Length': '145', 'Etag': 'W/"91-381jmTceGnIjcXip7GU5BGgXEXs"', 'Date': 'Mon, 06 Sep 2021 15:14:01 GMT', 'Via': '1.1 vegur'} 
 body={"_id":"61363039ee284200167b2ad1","name":"Logan","age":130,"aliases":"Wolverine","team":"X-men","active":true,"owner":"61362212ee284200167b28b5"} 
 </msg>
<msg timestamp="20210906 12:15:07.723" level="INFO">${response} = &lt;Response [200]&gt;</msg>
<status status="PASS" starttime="20210906 12:15:07.490" endtime="20210906 12:15:07.723"/>
</kw>
<msg timestamp="20210906 12:15:07.723" level="INFO">${logan} = &lt;Response [200]&gt;</msg>
<status status="PASS" starttime="20210906 12:15:07.490" endtime="20210906 12:15:07.723"/>
</kw>
<kw name="Set Variable" library="BuiltIn">
<var>${logan_id}</var>
<arg>${logan.json()}[_id]</arg>
<doc>Returns the given values which can then be assigned to a variables.</doc>
<msg timestamp="20210906 12:15:07.724" level="INFO">${logan_id} = 61363039ee284200167b2ad1</msg>
<status status="PASS" starttime="20210906 12:15:07.723" endtime="20210906 12:15:07.724"/>
</kw>
<kw name="GET Character By ID" library="Characters">
<var>${response}</var>
<arg>${logan_id}</arg>
<kw name="GET" library="RequestsLibrary">
<var>${response}</var>
<arg>${BASE_URL}/characters/${character_id}</arg>
<arg>headers=${HEADERS}</arg>
<arg>expected_status=any</arg>
<doc>Sends a GET request.</doc>
<msg timestamp="20210906 12:15:07.953" level="INFO">GET Request : url=http://marvel.qaninja.academy/characters/61363039ee284200167b2ad1 
 path_url=/characters/61363039ee284200167b2ad1 
 headers={'User-Agent': 'python-requests/2.26.0', 'Accept-Encoding': 'gzip, deflate', 'Accept': '*/*', 'Connection': 'keep-alive', 'client_key': '61362212ee284200167b28b5'} 
 body=None 
 </msg>
<msg timestamp="20210906 12:15:07.953" level="INFO">GET Response : url=http://marvel.qaninja.academy/characters/61363039ee284200167b2ad1 
 status=200, reason=OK 
 headers={'Server': 'Cowboy', 'Connection': 'keep-alive', 'X-Powered-By': 'Express', 'Access-Control-Allow-Origin': '*', 'Content-Type': 'application/json; charset=utf-8', 'Content-Length': '145', 'Etag': 'W/"91-381jmTceGnIjcXip7GU5BGgXEXs"', 'Date': 'Mon, 06 Sep 2021 15:14:02 GMT', 'Via': '1.1 vegur'} 
 body={"_id":"61363039ee284200167b2ad1","name":"Logan","age":130,"aliases":"Wolverine","team":"X-men","active":true,"owner":"61362212ee284200167b28b5"} 
 </msg>
<msg timestamp="20210906 12:15:07.953" level="INFO">${response} = &lt;Response [200]&gt;</msg>
<status status="PASS" starttime="20210906 12:15:07.724" endtime="20210906 12:15:07.953"/>
</kw>
<msg timestamp="20210906 12:15:07.953" level="INFO">${response} = &lt;Response [200]&gt;</msg>
<status status="PASS" starttime="20210906 12:15:07.724" endtime="20210906 12:15:07.953"/>
</kw>
<kw name="Status Should Be" library="RequestsLibrary">
<arg>200</arg>
<arg>${response}</arg>
<doc>Fails if response status code is different than the expected.</doc>
<status status="PASS" starttime="20210906 12:15:07.954" endtime="20210906 12:15:07.954"/>
</kw>
<kw name="Should Be Equal" library="BuiltIn">
<arg>${logan.json()}[name]</arg>
<arg>${personagem}[name]</arg>
<doc>Fails if the given objects are unequal.</doc>
<status status="PASS" starttime="20210906 12:15:07.954" endtime="20210906 12:15:07.955"/>
</kw>
<kw name="Should Be Equal" library="BuiltIn">
<arg>${logan.json()}[aliases]</arg>
<arg>${personagem}[aliases]</arg>
<doc>Fails if the given objects are unequal.</doc>
<status status="PASS" starttime="20210906 12:15:07.955" endtime="20210906 12:15:07.956"/>
</kw>
<kw name="Should Be Equal" library="BuiltIn">
<arg>${logan.json()}[age]</arg>
<arg>${personagem}[age]</arg>
<doc>Fails if the given objects are unequal.</doc>
<status status="PASS" starttime="20210906 12:15:07.956" endtime="20210906 12:15:07.956"/>
</kw>
<kw name="Should Be Equal" library="BuiltIn">
<arg>${logan.json()}[team]</arg>
<arg>${personagem}[team]</arg>
<doc>Fails if the given objects are unequal.</doc>
<status status="PASS" starttime="20210906 12:15:07.957" endtime="20210906 12:15:07.957"/>
</kw>
<kw name="Should Be Equal" library="BuiltIn">
<arg>${logan.json()}[active]</arg>
<arg>${personagem}[active]</arg>
<doc>Fails if the given objects are unequal.</doc>
<status status="PASS" starttime="20210906 12:15:07.958" endtime="20210906 12:15:07.958"/>
</kw>
<status status="PASS" starttime="20210906 12:15:07.489" endtime="20210906 12:15:07.958"/>
</test>
<test id="s1-s3-t2" name="Don't GET a character by ID">
<kw name="Get Unique Id" library="Helpers">
<var>${personagem_id}</var>
<msg timestamp="20210906 12:15:07.960" level="INFO">${personagem_id} = 6136307b02d2aa3508eea13e</msg>
<status status="PASS" starttime="20210906 12:15:07.960" endtime="20210906 12:15:07.960"/>
</kw>
<kw name="GET Character By ID" library="Characters">
<var>${response}</var>
<arg>${personagem_id}</arg>
<kw name="GET" library="RequestsLibrary">
<var>${response}</var>
<arg>${BASE_URL}/characters/${character_id}</arg>
<arg>headers=${HEADERS}</arg>
<arg>expected_status=any</arg>
<doc>Sends a GET request.</doc>
<msg timestamp="20210906 12:15:08.183" level="INFO">GET Request : url=http://marvel.qaninja.academy/characters/6136307b02d2aa3508eea13e 
 path_url=/characters/6136307b02d2aa3508eea13e 
 headers={'User-Agent': 'python-requests/2.26.0', 'Accept-Encoding': 'gzip, deflate', 'Accept': '*/*', 'Connection': 'keep-alive', 'client_key': '61362212ee284200167b28b5'} 
 body=None 
 </msg>
<msg timestamp="20210906 12:15:08.183" level="INFO">GET Response : url=http://marvel.qaninja.academy/characters/6136307b02d2aa3508eea13e 
 status=404, reason=Not Found 
 headers={'Server': 'Cowboy', 'Connection': 'keep-alive', 'X-Powered-By': 'Express', 'Access-Control-Allow-Origin': '*', 'Date': 'Mon, 06 Sep 2021 15:14:02 GMT', 'Content-Length': '0', 'Via': '1.1 vegur'} 
 body=None 
 </msg>
<msg timestamp="20210906 12:15:08.184" level="INFO">${response} = &lt;Response [404]&gt;</msg>
<status status="PASS" starttime="20210906 12:15:07.960" endtime="20210906 12:15:08.184"/>
</kw>
<msg timestamp="20210906 12:15:08.184" level="INFO">${response} = &lt;Response [404]&gt;</msg>
<status status="PASS" starttime="20210906 12:15:07.960" endtime="20210906 12:15:08.184"/>
</kw>
<kw name="Status Should Be" library="RequestsLibrary">
<arg>404</arg>
<arg>${response}</arg>
<doc>Fails if response status code is different than the expected.</doc>
<status status="PASS" starttime="20210906 12:15:08.185" endtime="20210906 12:15:08.185"/>
</kw>
<status status="PASS" starttime="20210906 12:15:07.959" endtime="20210906 12:15:08.185"/>
</test>
<doc>Suite de Teste de busca de personagens na API Marvel</doc>
<status status="PASS" starttime="20210906 12:15:07.026" endtime="20210906 12:15:08.186"/>
</suite>
<status status="PASS" starttime="20210906 12:15:04.085" endtime="20210906 12:15:08.187"/>
</suite>
<statistics>
<total>
<stat pass="6" fail="0" skip="0">All Tests</stat>
</total>
<tag>
<stat pass="1" fail="0" skip="0">add</stat>
<stat pass="1" fail="0" skip="0">dup</stat>
</tag>
<suite>
<stat pass="6" fail="0" skip="0" id="s1" name="Specs">Specs</stat>
<stat pass="2" fail="0" skip="0" id="s1-s1" name="CreateCharacters">Specs.CreateCharacters</stat>
<stat pass="2" fail="0" skip="0" id="s1-s2" name="DeleteCharacters">Specs.DeleteCharacters</stat>
<stat pass="2" fail="0" skip="0" id="s1-s3" name="SearchCharacters">Specs.SearchCharacters</stat>
</suite>
</statistics>
<errors>
</errors>
</robot>
